[debug] [2022-01-23T11:19:19.443Z] ----------------------------------------------------------------------
[debug] [2022-01-23T11:19:19.447Z] Command:       C:\Program Files\nodejs\node.exe C:\Users\91909\AppData\Roaming\npm\node_modules\firebase-tools\lib\bin\firebase.js init
[debug] [2022-01-23T11:19:19.449Z] CLI Version:   10.1.2
[debug] [2022-01-23T11:19:19.449Z] Platform:      win32
[debug] [2022-01-23T11:19:19.449Z] Node Version:  v16.13.0
[debug] [2022-01-23T11:19:19.451Z] Time:          Sun Jan 23 2022 16:49:19 GMT+0530 (India Standard Time)
[debug] [2022-01-23T11:19:19.452Z] ----------------------------------------------------------------------
[debug] 
[debug] [2022-01-23T11:19:19.472Z] > command requires scopes: ["email","openid","https://www.googleapis.com/auth/cloudplatformprojects.readonly","https://www.googleapis.com/auth/firebase","https://www.googleapis.com/auth/cloud-platform"]
[debug] [2022-01-23T11:19:19.473Z] > authorizing via signed-in user (abhishekdharamkar1@gmail.com)
[info] 
     ######## #### ########  ######## ########     ###     ######  ########
     ##        ##  ##     ## ##       ##     ##  ##   ##  ##       ##
     ######    ##  ########  ######   ########  #########  ######  ######
     ##        ##  ##    ##  ##       ##     ## ##     ##       ## ##
     ##       #### ##     ## ######## ########  ##     ##  ######  ########

You're about to initialize a Firebase project in this directory:

  C:\Users\91909\Documents\Project-Amazon-Clone\amazon-clone

[info] 
=== Project Setup
[info] 
[info] First, let's associate this project directory with a Firebase project.
[info] You can create multiple project aliases by running firebase use --add, 
[info] but for now we'll just set up a default project.
[info] 
[debug] [2022-01-23T11:22:04.249Z] >>> [apiv2][query] GET https://firebase.googleapis.com/v1beta1/projects pageSize=100
[debug] [2022-01-23T11:22:05.944Z] <<< [apiv2][status] GET https://firebase.googleapis.com/v1beta1/projects 200
[debug] [2022-01-23T11:22:05.944Z] <<< [apiv2][body] GET https://firebase.googleapis.com/v1beta1/projects [omitted]
[info] i  Using project clone-b04f6 (amazon-clone) 
[info] 
=== Emulators Setup
[debug] [2022-01-23T11:24:38.697Z] ----------------------------------------------------------------------
[debug] [2022-01-23T11:24:38.703Z] Command:       C:\Program Files\nodejs\node.exe C:\Users\91909\AppData\Roaming\npm\node_modules\firebase-tools\lib\bin\firebase.js init
[debug] [2022-01-23T11:24:38.705Z] CLI Version:   10.1.2
[debug] [2022-01-23T11:24:38.705Z] Platform:      win32
[debug] [2022-01-23T11:24:38.706Z] Node Version:  v16.13.0
[debug] [2022-01-23T11:24:38.708Z] Time:          Sun Jan 23 2022 16:54:38 GMT+0530 (India Standard Time)
[debug] [2022-01-23T11:24:38.709Z] ----------------------------------------------------------------------
[debug] 
[debug] [2022-01-23T11:24:38.735Z] > command requires scopes: ["email","openid","https://www.googleapis.com/auth/cloudplatformprojects.readonly","https://www.googleapis.com/auth/firebase","https://www.googleapis.com/auth/cloud-platform"]
[debug] [2022-01-23T11:24:38.736Z] > authorizing via signed-in user (abhishekdharamkar1@gmail.com)
[info] 
     ######## #### ########  ######## ########     ###     ######  ########
     ##        ##  ##     ## ##       ##     ##  ##   ##  ##       ##
     ######    ##  ########  ######   ########  #########  ######  ######
     ##        ##  ##    ##  ##       ##     ## ##     ##       ## ##
     ##       #### ##     ## ######## ########  ##     ##  ######  ########

You're about to initialize a Firebase project in this directory:

  C:\Users\91909\Documents\Project-Amazon-Clone\amazon-clone

[info] 
=== Project Setup
[info] 
[info] First, let's associate this project directory with a Firebase project.
[info] You can create multiple project aliases by running firebase use --add, 
[info] but for now we'll just set up a default project.
[info] 
[debug] [2022-01-23T11:26:14.955Z] >>> [apiv2][query] GET https://firebase.googleapis.com/v1beta1/projects pageSize=100
[debug] [2022-01-23T11:26:15.703Z] <<< [apiv2][status] GET https://firebase.googleapis.com/v1beta1/projects 200
[debug] [2022-01-23T11:26:15.704Z] <<< [apiv2][body] GET https://firebase.googleapis.com/v1beta1/projects [omitted]
[info] i  Using project clone-b04f6 (amazon-clone) 
[info] 
=== Hosting Setup
[info] 
[info] Your public directory is the folder (relative to your project directory) that
[info] will contain Hosting assets to be uploaded with firebase deploy. If you
[info] have a build process for your assets, use your build's output directory.
[info] 
[debug] [2022-01-23T11:26:40.229Z] >>> [apiv2][query] GET https://www.gstatic.com/firebasejs/releases.json [none]
[debug] [2022-01-23T11:26:41.136Z] <<< [apiv2][status] GET https://www.gstatic.com/firebasejs/releases.json 200
[debug] [2022-01-23T11:26:41.137Z] <<< [apiv2][body] GET https://www.gstatic.com/firebasejs/releases.json {"current":{"version":"9.6.4","browserURL":"https://www.gstatic.com/firebasejs/9.6.4/firebase.js","packageURL":"https://www.gstatic.com/firebasejs/9.6.4/firebase.tgz"},"live":{"version":"9.6","browserURL":"https://www.gstatic.com/firebasejs/live/9.6/firebase.js","packageURL":"https://www.gstatic.com/firebasejs/live/9.6/firebase.tgz"},"components":{"analytics":"https://www.gstatic.com/firebasejs/9.6.4/firebase-analytics.js","app":"https://www.gstatic.com/firebasejs/9.6.4/firebase-app.js","app-check":"https://www.gstatic.com/firebasejs/9.6.4/firebase-app-check.js","auth":"https://www.gstatic.com/firebasejs/9.6.4/firebase-auth.js","auth/cordova":"https://www.gstatic.com/firebasejs/9.6.4/firebase-auth/cordova.js","auth/react-native":"https://www.gstatic.com/firebasejs/9.6.4/firebase-auth/react-native.js","functions":"https://www.gstatic.com/firebasejs/9.6.4/firebase-functions.js","firestore":"https://www.gstatic.com/firebasejs/9.6.4/firebase-firestore.js","firestore/lite":"https://www.gstatic.com/firebasejs/9.6.4/firebase-firestore/lite.js","storage":"https://www.gstatic.com/firebasejs/9.6.4/firebase-storage.js","performance":"https://www.gstatic.com/firebasejs/9.6.4/firebase-performance.js","remote-config":"https://www.gstatic.com/firebasejs/9.6.4/firebase-remote-config.js","messaging":"https://www.gstatic.com/firebasejs/9.6.4/firebase-messaging.js","messaging/sw":"https://www.gstatic.com/firebasejs/9.6.4/firebase-messaging/sw.js","database":"https://www.gstatic.com/firebasejs/9.6.4/firebase-database.js","firestore.memory":"https://www.gstatic.com/firebasejs/9.6.4/firebase-firestore.memory.js"}}
[info] +  Wrote public/index.html 
[info] 
[info] i  Detected a .git folder at C:\Users\91909\Documents\Project-Amazon-Clone\amazon-clone 
[info] i  Authorizing with GitHub to upload your service account to a GitHub repository's secrets store. 
[info] 
[info] Visit this URL on this device to log in:
[info] https://github.com/login/oauth/authorize?client_id=89cf50f02ac6aaed3484&state=1064833842&redirect_uri=http%3A%2F%2Flocalhost%3A9005&scope=read%3Auser%20repo%20public_repo
[info] 
[info] Waiting for authentication...
[debug] [2022-01-23T11:27:15.260Z] >>> HTTP REQUEST POST https://github.com/login/oauth/access_token  
 {"client_id":"89cf50f02ac6aaed3484","client_secret":"3330d14abc895d9a74d5f17cd7a00711fa2c5bf0","code":"978af99d403244d22cd3","redirect_uri":"http://localhost:9005","state":"1064833842"}
[debug] [2022-01-23T11:27:15.801Z] <<< HTTP RESPONSE 200 {"server":"GitHub.com","date":"Sun, 23 Jan 2022 11:27:14 GMT","content-type":"application/json; charset=utf-8","transfer-encoding":"chunked","vary":"X-PJAX, X-PJAX-Container, Accept-Encoding, Accept, X-Requested-With","permissions-policy":"interest-cohort=()","etag":"W/\"4a92354a806995b0f2f68223f06ff8af\"","cache-control":"max-age=0, private, must-revalidate","strict-transport-security":"max-age=31536000; includeSubdomains; preload","x-frame-options":"deny","x-content-type-options":"nosniff","x-xss-protection":"0","referrer-policy":"origin-when-cross-origin, strict-origin-when-cross-origin","expect-ct":"max-age=2592000, report-uri=\"https://api.github.com/_private/browser/errors\"","content-security-policy":"default-src 'none'; base-uri 'self'; block-all-mixed-content; child-src github.com/assets-cdn/worker/ gist.github.com/assets-cdn/worker/; connect-src 'self' uploads.github.com objects-origin.githubusercontent.com www.githubstatus.com collector.githubapp.com api.github.com github-cloud.s3.amazonaws.com github-production-repository-file-5c1aeb.s3.amazonaws.com github-production-upload-manifest-file-7fdce7.s3.amazonaws.com github-production-user-asset-6210df.s3.amazonaws.com cdn.optimizely.com logx.optimizely.com/v1/events translator.github.com wss://alive.github.com; font-src github.githubassets.com; form-action 'self' github.com gist.github.com objects-origin.githubusercontent.com; frame-ancestors 'none'; frame-src render.githubusercontent.com viewscreen.githubusercontent.com notebooks.githubusercontent.com; img-src 'self' data: github.githubassets.com identicons.github.com collector.githubapp.com github-cloud.s3.amazonaws.com secured-user-images.githubusercontent.com/ *.githubusercontent.com; manifest-src 'self'; media-src github.com user-images.githubusercontent.com/; script-src github.githubassets.com; style-src 'unsafe-inline' github.githubassets.com; worker-src github.com/assets-cdn/worker/ gist.github.com/assets-cdn/worker/","x-github-request-id":"F846:02FA:620709:73D6A4:61ED3B92"}
[debug] [2022-01-23T11:27:15.814Z] >>> [apiv2][query] GET https://api.github.com/user [none]
[debug] [2022-01-23T11:27:16.252Z] <<< [apiv2][status] GET https://api.github.com/user 200
[debug] [2022-01-23T11:27:16.252Z] <<< [apiv2][body] GET https://api.github.com/user {"login":"abhishekdharamkar","id":73683699,"node_id":"MDQ6VXNlcjczNjgzNjk5","avatar_url":"https://avatars.githubusercontent.com/u/73683699?v=4","gravatar_id":"","url":"https://api.github.com/users/abhishekdharamkar","html_url":"https://github.com/abhishekdharamkar","followers_url":"https://api.github.com/users/abhishekdharamkar/followers","following_url":"https://api.github.com/users/abhishekdharamkar/following{/other_user}","gists_url":"https://api.github.com/users/abhishekdharamkar/gists{/gist_id}","starred_url":"https://api.github.com/users/abhishekdharamkar/starred{/owner}{/repo}","subscriptions_url":"https://api.github.com/users/abhishekdharamkar/subscriptions","organizations_url":"https://api.github.com/users/abhishekdharamkar/orgs","repos_url":"https://api.github.com/users/abhishekdharamkar/repos","events_url":"https://api.github.com/users/abhishekdharamkar/events{/privacy}","received_events_url":"https://api.github.com/users/abhishekdharamkar/received_events","type":"User","site_admin":false,"name":"Abhishek Dharamkar","company":"student","blog":"","location":"pune","email":null,"hireable":null,"bio":"printf(\"I AM PRGRAMMER\");","twitter_username":"abhishekdharam1","public_repos":5,"public_gists":0,"followers":1,"following":1,"created_at":"2020-10-30T05:22:28Z","updated_at":"2021-12-23T16:30:01Z","private_gists":0,"total_private_repos":0,"owned_private_repos":0,"disk_usage":3055,"collaborators":0,"two_factor_authentication":false,"plan":{"name":"pro","space":976562499,"collaborators":0,"private_repos":9999}}
[info] 
[info] +  Success! Logged into GitHub as abhishekdharamkar 
[info] 
[debug] [2022-01-23T11:27:21.697Z] >>> [apiv2][query] GET https://api.github.com/repos//actions/secrets/public-key type=owner
[debug] [2022-01-23T11:27:22.253Z] <<< [apiv2][status] GET https://api.github.com/repos//actions/secrets/public-key 404
[debug] [2022-01-23T11:27:22.253Z] <<< [apiv2][body] GET https://api.github.com/repos//actions/secrets/public-key {"message":"Not Found","documentation_url":"https://docs.github.com/rest"}
[debug] [2022-01-23T11:29:42.741Z] >>> [apiv2][query] GET https://api.github.com/repos/https://github.com/abhishekdharamkar/Amazon-Clone-React.git/actions/secrets/public-key type=owner
[debug] [2022-01-23T11:29:43.151Z] <<< [apiv2][status] GET https://api.github.com/repos/https://github.com/abhishekdharamkar/Amazon-Clone-React.git/actions/secrets/public-key 404
[debug] [2022-01-23T11:29:43.152Z] <<< [apiv2][body] GET https://api.github.com/repos/https://github.com/abhishekdharamkar/Amazon-Clone-React.git/actions/secrets/public-key {"message":"Not Found","documentation_url":"https://docs.github.com/rest"}
[debug] [2022-01-23T11:29:44.598Z] >>> [apiv2][query] GET https://api.github.com/repos/https://github.com/abhishekdharamkar/Amazon-Clone-React.git/actions/secrets/public-key type=owner
[debug] [2022-01-23T11:29:45.016Z] <<< [apiv2][status] GET https://api.github.com/repos/https://github.com/abhishekdharamkar/Amazon-Clone-React.git/actions/secrets/public-key 404
[debug] [2022-01-23T11:29:45.017Z] <<< [apiv2][body] GET https://api.github.com/repos/https://github.com/abhishekdharamkar/Amazon-Clone-React.git/actions/secrets/public-key {"message":"Not Found","documentation_url":"https://docs.github.com/rest"}
[debug] [2022-01-23T11:30:14.051Z] ----------------------------------------------------------------------
[debug] [2022-01-23T11:30:14.057Z] Command:       C:\Program Files\nodejs\node.exe C:\Users\91909\AppData\Roaming\npm\node_modules\firebase-tools\lib\bin\firebase.js init
[debug] [2022-01-23T11:30:14.058Z] CLI Version:   10.1.2
[debug] [2022-01-23T11:30:14.058Z] Platform:      win32
[debug] [2022-01-23T11:30:14.059Z] Node Version:  v16.13.0
[debug] [2022-01-23T11:30:14.061Z] Time:          Sun Jan 23 2022 17:00:14 GMT+0530 (India Standard Time)
[debug] [2022-01-23T11:30:14.062Z] ----------------------------------------------------------------------
[debug] 
[debug] [2022-01-23T11:30:14.086Z] > command requires scopes: ["email","openid","https://www.googleapis.com/auth/cloudplatformprojects.readonly","https://www.googleapis.com/auth/firebase","https://www.googleapis.com/auth/cloud-platform"]
[debug] [2022-01-23T11:30:14.087Z] > authorizing via signed-in user (abhishekdharamkar1@gmail.com)
[info] 
     ######## #### ########  ######## ########     ###     ######  ########
     ##        ##  ##     ## ##       ##     ##  ##   ##  ##       ##
     ######    ##  ########  ######   ########  #########  ######  ######
     ##        ##  ##    ##  ##       ##     ## ##     ##       ## ##
     ##       #### ##     ## ######## ########  ##     ##  ######  ########

You're about to initialize a Firebase project in this directory:

  C:\Users\91909\Documents\Project-Amazon-Clone\amazon-clone

